<?xml version="1.0" encoding="UTF-8"?>
<testng-results skipped="0" failed="0" ignored="0" total="2" passed="2">
  <reporter-output>
  </reporter-output>
  <suite name="Default suite" duration-ms="35728" started-at="2021-05-08T16:29:36 EDT" finished-at="2021-05-08T16:30:12 EDT">
    <groups>
    </groups>
    <test name="Default test" duration-ms="35728" started-at="2021-05-08T16:29:36 EDT" finished-at="2021-05-08T16:30:12 EDT">
      <class name="android.automation.Loginflow">
        <test-method status="PASS" signature="Login()[pri:1, instance:android.automation.Loginflow@379614be]" name="Login" duration-ms="11880" started-at="2021-05-08T16:29:36 EDT" finished-at="2021-05-08T16:29:48 EDT">
          <reporter-output>
          </reporter-output>
        </test-method> <!-- Login -->
        <test-method status="PASS" signature="OtpPage()[pri:2, instance:android.automation.Loginflow@379614be]" name="OtpPage" duration-ms="23772" started-at="2021-05-08T16:29:48 EDT" finished-at="2021-05-08T16:30:12 EDT">
          <reporter-output>
          </reporter-output>
        </test-method> <!-- OtpPage -->
      </class> <!-- android.automation.Loginflow -->
    </test> <!-- Default test -->
  </suite> <!-- Default suite -->
</testng-results>
