<?xml version="1.0" encoding="UTF-8"?>
<testng-results skipped="0" failed="0" total="2" passed="2">
  <reporter-output>
  </reporter-output>
  <suite name="Suite" duration-ms="36378" started-at="2021-05-08T21:05:26Z" finished-at="2021-05-08T21:06:03Z">
    <groups>
    </groups>
    <test name="Test" duration-ms="36378" started-at="2021-05-08T21:05:26Z" finished-at="2021-05-08T21:06:03Z">
      <class name="android.automation.Loginflow">
        <test-method status="PASS" signature="Login()[pri:0, instance:android.automation.Loginflow@26df6e3a]" name="Login" duration-ms="11671" started-at="2021-05-08T17:05:26Z" finished-at="2021-05-08T17:05:38Z">
          <reporter-output>
          </reporter-output>
        </test-method> <!-- Login -->
        <test-method status="PASS" signature="OtpPage()[pri:0, instance:android.automation.Loginflow@26df6e3a]" name="OtpPage" duration-ms="24659" started-at="2021-05-08T17:05:38Z" finished-at="2021-05-08T17:06:03Z">
          <reporter-output>
          </reporter-output>
        </test-method> <!-- OtpPage -->
      </class> <!-- android.automation.Loginflow -->
    </test> <!-- Test -->
  </suite> <!-- Suite -->
</testng-results>
